|-- Debug  : 0
`-- Categories      : [10]
    |-- Category : "bed"
    |   |-- Category  : "bed"
    |   |-- Type      : 9
    |   |-- Ancestors [3] : "house" "floor" "room"
    |   |-- Extends   : "room" by [1] :  "bed_number"
    |   `-- Addresses [4] : "house_number" 
    :                         "floor_number" 
    :                           "room_number" 
    :                             "bed_number"
    |-- Category : "chair"
    |   |-- Category  : "chair"
    |   |-- Type      : 6
    |   |-- Ancestors [3] : "house" "floor" "room"
    |   |-- Extends   : "room" by [1] :  "chair_number"
    |   `-- Addresses [4] : "house_number" 
    :                         "floor_number" 
    :                           "room_number" 
    :                             "chair_number"
    |-- Category : "cupboard"
    |   |-- Category  : "cupboard"
    |   |-- Type      : 12
    |   |-- Ancestors [3] : "house" "floor" "room"
    |   |-- Extends   : "room" by [1] :  "cupboard_number"
    |   `-- Addresses [4] : "house_number" 
    :                         "floor_number" 
    :                           "room_number" 
    :                             "cupboard_number"
    |-- Category : "floor"
    |   |-- Category  : "floor"
    |   |-- Type      : 2
    |   |-- Ancestors [1] : "house"
    |   |-- Extends   : "house" by [1] :  "floor_number"
    |   `-- Addresses [2] : "house_number" 
    :                         "floor_number"
    |-- Category : "house"
    |   |-- Category  : "house"
    |   |-- Type      : 1
    |   `-- Addresses [1] : "house_number"
    |-- Category : "large_drawer"
    |   |-- Category  : "large_drawer"
    |   |-- Type      : 35
    |   |-- Ancestors [4] : "house" "floor" "room" "cupboard"
    |   |-- Extends   : "cupboard" by [1] :  "drawer_number"
    |   `-- Addresses [5] : "house_number" 
    :                         "floor_number" 
    :                           "room_number" 
    :                             "cupboard_number" 
    :                               "drawer_number"
    |-- Category : "room"
    |   |-- Category  : "room"
    |   |-- Type      : 3
    |   |-- Ancestors [2] : "house" "floor"
    |   |-- Extends   : "floor" by [1] :  "room_number"
    |   `-- Addresses [3] : "house_number" 
    :                         "floor_number" 
    :                           "room_number"
    |-- Category : "small_drawer"
    |   |-- Category  : "small_drawer"
    |   |-- Type      : 34
    |   |-- Inherits  : "table"
    |   |-- Ancestors [4] : "house" "floor" "room" "table"
    |   `-- Addresses [4] : "house_number" 
    :                         "floor_number" 
    :                           "room_number" 
    :                             "table_number"
    |-- Category : "table"
    |   |-- Category  : "table"
    |   |-- Type      : 4
    |   |-- Ancestors [3] : "house" "floor" "room"
    |   |-- Extends   : "room" by [1] :  "table_number"
    |   `-- Addresses [4] : "house_number" 
    :                         "floor_number" 
    :                           "room_number" 
    :                             "table_number"
    `-- Category : "world"
        |-- Category  : "world"
        |-- Type      : 0
        `-- Addresses [1] : "world"
