The multi-properties container has a section with key 'test'.
Number of properties in section 'test' : 4
A multi-properties container with 1 section :
|-- Description  : A test multi-properties container
|-- Key label    : "name"
|-- Meta label   : "type"
|-- Entries      : [1]
|   `-- Entry : "test"
|       |-- Key         : "test"
|       |-- Meta        : "foo"
|       `-- Properties : 
|           |-- Name : "color"
|           |   |-- Type  : string (scalar)
|           |   `-- Value : "blue"
|           |-- Name : "number_of_witches"
|           |   |-- Type  : integer (scalar)
|           |   `-- Value : 1
|           |-- Name : "quest"
|           |   |-- Type  : string (scalar)
|           |   `-- Value : "The search for the Holly Grail"
|           `-- Name : "using_excalibur"
|               |-- Type  : boolean (scalar)
|               `-- Value : 1
`-- Ordered entries      : [1]
    `-- Entry [rank=0] : "test"
