A multi-properties container with 3 empty sections :
|-- Description  : A test multi-properties container
|-- Key label    : "name"
|-- Meta label   : "type"
|-- Entries      : [3]
|   |-- Entry : "debug"
|   |   |-- Key         : "debug"
|   |   |-- Meta        : "gnus"
|   |   `-- Properties : <empty>
|   |       `-- <no property>
|   |-- Entry : "log"
|   |   |-- Key         : "log"
|   |   |-- Meta        : "gnats"
|   |   `-- Properties : <empty>
|   |       `-- <no property>
|   `-- Entry : "test"
|       |-- Key         : "test"
|       |-- Meta        : "foo"
|       `-- Properties : <empty>
|           `-- <no property>
`-- Ordered entries      : [3]
    |-- Entry [rank=0] : "test"
    |-- Entry [rank=1] : "debug"
    `-- Entry [rank=2] : "log"
