A multi-properties container with 4 sections :
|-- Description  : A test multi-properties container
|-- Key label    : "name"
|-- Meta label   : "type"
|-- Entries      : [4]
|   |-- Entry : "config"
|   |   |-- Key         : "config"
|   |   |-- Meta        : "blah"
|   |   `-- Properties : 
|   |       |-- Name : "dummy"
|   |       |   |-- Type  : boolean (scalar)
|   |       |   `-- Value : 1
|   |       `-- Name : "tmpdir"
|   |           |-- Type  : string (scalar)
|   |           `-- Value : "/tmp"
|   |-- Entry : "debug"
|   |   |-- Key         : "debug"
|   |   |-- Meta        : "gnus"
|   |   `-- Properties : <empty>
|   |       `-- <no property>
|   |-- Entry : "log"
|   |   |-- Key         : "log"
|   |   |-- Meta        : "gnats"
|   |   `-- Properties : <empty>
|   |       `-- <no property>
|   `-- Entry : "test"
|       |-- Key         : "test"
|       |-- Meta        : "foo"
|       `-- Properties : <empty>
|           `-- <no property>
`-- Ordered entries      : [4]
    |-- Entry [rank=0] : "test"
    |-- Entry [rank=1] : "debug"
    |-- Entry [rank=2] : "log"
    `-- Entry [rank=3] : "config"
