The transcient properties container built from a file :
|-- Description  : A set of configuration parameters for an application
|-- Name : "app.alarm.emails"
|   |-- Description  : The list of email addresses to send alarm messages
|   |-- Type  : string[2] (vector)
|   |-- Value[0] : "staff@acme.com"
|   `-- Value[1] : "me@physics.lab.eu"
|-- Name : "app.debug.level"
|   |-- Description  : The debug level
|   |-- Type  : integer (scalar)
|   `-- Value : 1
|-- Name : "app.io.output_file"
|   |-- Description  : The value of pi used by the application
|   |-- Type  : string (scalar)
|   `-- Value : "${TMPDIR}/data/app.out"
|-- Name : "app.log.level"
|   |-- Description  : The value of pi used by the application
|   |-- Type  : integer (scalar)
|   `-- Value : 4
|-- Name : "app.math.pi"
|   |-- Description  : The value of pi used by the application
|   |-- Type  : real (scalar)
|   `-- Value : 3.14159
|-- Name : "app.name"
|   |-- Description  : The name of the application
|   |-- Type  : string (scalar)
|   `-- Value : "Monty"
|-- Name : "app.system"
|   |-- Description  : The system on which the application must be used
|   |-- Type  : string (scalar)
|   `-- Value : "Linux"
|-- Name : "app.version"
|   |-- Description  : The major/minor/patch level version numbers of the application
|   |-- Type  : integer[3] (vector)
|   |-- Value[0] : 3
|   |-- Value[1] : 1
|   `-- Value[2] : 4
`-- Name : "test"
    |-- Description  : A test flag
    |-- Type  : boolean (scalar)
    `-- Value : 0
