Original container :
|-- Description  : 'A test properties container'
|-- Name : "name"
|   |-- Type  : string (scalar)
|   `-- Value : "Monty"
`-- Name : "test"
    |-- Type  : boolean (scalar)
    `-- Value : 1

Properties container copied through assignment :
|-- Description  : 'A test properties container'
|-- Name : "name"
|   |-- Type  : string (scalar)
|   `-- Value : "Monty"
`-- Name : "test"
    |-- Type  : boolean (scalar)
    `-- Value : 1

Properties container copied at construction :
|-- Description  : 'A test properties container'
|-- Name : "name"
|   |-- Type  : string (scalar)
|   `-- Value : "Monty"
`-- Name : "test"
    |-- Type  : boolean (scalar)
    `-- Value : 1
