# -*- mode: conf-unix; -*-
# List of geometry ID categories/types (datatools::utils::multi_properties):

#@description A sample list of geometry ID categories/types
#@key_label   "category"
#@meta_label  "type"

##########################################

[category="world" type="0"]
addresses : string[1] = "world"

[category="module" type="1"]
addresses : string[1] = "module"

##########################################

[category="source_submodule" type="30"]
inherits : string = "module"

[category="source_layer" type="31"]
extends : string = "source_submodule"
by      : string[1] = "layer"

[category="source_strip" type="32"]
extends : string = "source_layer"
by      : string[1] = "strip"

[category="source_pad" type="33"]
extends : string = "source_strip"
by      : string[1] = "pad"

##########################################

[category="tracker_submodule" type="10"]
extends : string = "module"
by      : string[1] = "side"

[category="geiger_layer" type="11"]
extends : string = "tracker_submodule"
by      : string[1] = "layer"

[category="geiger_cell" type="12"]
extends : string = "geiger_layer"
by      : string[1] = "cell"

[category="geiger_cell_anodic_wire" type="13"]
inherits : string = "geiger_cell"

[category="geiger_cell_cathodic_ring" type="14"]
extends : string = "geiger_cell"
by      : string[1] = "ring"

[category="geiger_cell_field_wire" type="15"]
extends : string = "geiger_cell"
by      : string[1] = "wire"

##########################################

[category="calorimeter_submodule" type="20"]
extends : string = "module"
by      : string[1] = "side"

[category="calorimeter_column" type="21"]
extends : string = "calorimeter_submodule"
by      : string[1] = "column"

[category="calorimeter_block" type="22"]
extends : string = "calorimeter_column"
by      : string[1] = "row"

# end
