# -*- mode: conf-unix; -*-
# List of geometry ID categories/types (datatools::multi_properties):

#@description A  list of geometry ID categories/types
#@key_label   "category"
#@meta_label  "type"

# This is the mandatory top-level geometry category.
# One should always provide it :
[category="world" type="0"]
addresses : string[1] = "world"

# This geometry category addresses an experimental area volume :
[category="lab.gc"  type="100"]
addresses : string[1] = "area"

# This geometry category addresses a vacuum chamber :
[category="vessel.gc" type="200"]
addresses : string[1] = "chamber"

# This geometry category addresses a part of the vacuum chamber :
[category="vessel_part.gc" type="210"]
extends  : string = "vessel.gc"
by       : string[1] = "part"

# This geometry category addresses the internal volume of a the vacuum chamber :
[category="vessel_vacuum.gc" type="220"]
inherits : string[1] = "vessel.gc"

# This geometry category addresses a calibration source object :
[category="source.gc" type="1000"]
addresses : string[1] = "position"

# This geometry category addresses the support film of a calibration source :
[category="source_film.gc" type="1010"]
inherits : string[1] = "source.gc"

# This geometry category addresses a vertical column of optical module :
[category="detector_column.gc" type="2010"]
addresses : string[1] = "column"

# This geometry category addresses an optical module within a column :
[category="detector.gc" type="2020"]
extends  : string = "detector_column.gc"
by       : string[1] = "row"

#  This geometry category addresses the scintillator block of an optical module :
[category="scin_block.gc" type="2030"]
inherits : string[1] = "detector.gc"

#  This geometry category addresses a dynode inside a PMT :
[category="pmt_dynode.gc" type="2040"]
extends  : string = "detector.gc"
by       : string[1] = "dynode"

#  This geometry category addresses the focus electrode inside a PMT :
[category="pmt_focus_electrode.gc" type="2050"]
inherits : string[1] = "detector.gc"

#  This geometry category addresses a shield wall around the vessel :
[category="shield_wall.gc" type="2060"]
addresses : string[1] = "wall"

#  This geometry category addresses a single brick as part of a shield wall :
[category="shield_brick.gc" type="2070"]
extends  : string = "shield_wall.gc"
by       : string[2] = "column" "row"


# end
