# -*- mode: conf-unix; -*-
# List of geometry ID categories/types (datatools::multi_properties):

#@description A list of geometry ID categories/types
#@key_label   "category"
#@meta_label  "type"


##################################################################
# This is the mandatory top-level geometry category.
# One should always provide it :
[category="world" type="0"]

#@config The geometry category of the top-level world volume

#@description The world's GID address is characterized by its 'world' number
addresses : string[1] = "world"

# World volume's GID is: [0:0]


##################################################################
# This geometry category addresses an experimental area volume :
[category="lab.gc"  type="100"]

#@config The geometry category of the experimental area volume (lab)

#@description A lab's GID address is charaterized by its 'area' number
addresses : string[1] = "area"

# The experimental area volume's GID is: [100:0]


################################################################
# This geometry category addresses a calibration source object :
[category="source.gc" type="1000"]

#@config The geometry category of a calibration source

#@description The GID address of a calibration source is defined by its 'position' number
addresses : string[1] = "position"

# The unique calibration source volume's GID is: [1000:0]]


##############################################################################
# This geometry category addresses the support frame of a calibration source :
[category="source_support.gc" type="1010"]

#@config The geometry category of a calibration source support

#@description The GID address of a source support inherits the GID address of the source
inherits : string = "source.gc"

# The support of calibration source #0 has GID: [1010:0]


#################################################################
# This geometry category addresses of a calibration source film :
[category="source_film.gc" type="1020"]

#@config The geometry category of a calibration source film

#@description The GID address of a source film inherits the GID address of the source
inherits : string = "source.gc"

# The film of calibration source #0 has GID: [1020:0]


######################################################
# This geometry category addresses an optical module :
[category="optical_module.gc" type="2020"]

#@config The geometry category of a calibration source film

#@description The GID address of a column is defined by its 'detector' number
addresses : string[1] = "detector"

# The unique optical module of this geometry setup has GID : [2020:0]


#################################################################################
#  This geometry category addresses the scintillator block of an optical module :
[category="scin_block.gc" type="2030"]

#@config The geometry category of the scintillator block of an optical module

#@description The GID address of a scin block inherits the GID address of the optical module
inherits : string = "optical_module.gc"

# The scintillator block of the optical module #0 has GID : [2030:0]


###############################################
[category="scin_block_wrapping.gc" type="2031"]

#@config The geometry category of a wrapping film around a scintillator block

#@description The GID address of a wrapping film extends GID address of the scintillator block
extends : string[1] = "scin_block.gc"

#@description The 'side' number extend the mother scintillator block GID address
by       : string[1] = "side"

# The wrapping films of the faces of the scintillator block
# of the optical module #0 have GIDS:
#  * [2031:0.0] front wrapping
#  * [2031:0.1] back wrapping
#  * [2031:0.2] left wrapping
#  * [2031:0.3] right wrapping
#  * bottom wrapping is not set (no GID)
#  * [2031:0.5] top wrapping
# See the "models/optical_module.geom" file.


#######################################
[category="light_guide.gc" type="2032"]

#@config The geometry category of the light guide

#@description The GID address of a light guide inherits the GID address of the optical module
inherits : string[1] = "optical_module.gc"

# The light guide of the optical module #0 has GID : [2032:0]


# end
