/data3/sw/CadfaelBrew/supernemo/cxx11/Cadfael.git/Cellar/binutils/2.25.1: 3031 files, 194M, built in 2.6 minutes
/data3/sw/CadfaelBrew/supernemo/cxx11/Cadfael.git/Cellar/gcc49/4.9.2_2: 1111 files, 649M, built in 35.2 minutes
/data3/sw/CadfaelBrew/supernemo/cxx11/Cadfael.git/Cellar/pkg-config/0.28: 10 files, 644K, built in 28 seconds
/data3/sw/CadfaelBrew/supernemo/cxx11/Cadfael.git/Cellar/ncurses/6.0_1: 1977 files, 19M, built in 47 seconds
/data3/sw/CadfaelBrew/supernemo/cxx11/Cadfael.git/Cellar/readline/6.3.8: 40 files, 1,7M, built in 9 seconds
/data3/sw/CadfaelBrew/supernemo/cxx11/Cadfael.git/Cellar/unzip/6.0: 14 files, 432K, built in 2 seconds
/data3/sw/CadfaelBrew/supernemo/cxx11/Cadfael.git/Cellar/sqlite/3.8.11.1: 9 files, 2,7M, built in 45 seconds
/data3/sw/CadfaelBrew/supernemo/cxx11/Cadfael.git/Cellar/gdbm/1.11: 27 files, 828K, built in 6 seconds
/data3/sw/CadfaelBrew/supernemo/cxx11/Cadfael.git/Cellar/makedepend/1.0.5: 7 files, 112K, built in 10 seconds
/data3/sw/CadfaelBrew/supernemo/cxx11/Cadfael.git/Cellar/zlib/1.2.8: 9 files, 416K, built in 2 seconds
/data3/sw/CadfaelBrew/supernemo/cxx11/Cadfael.git/Cellar/openssl/1.0.2d_1: 464 files, 16M, built in 2.8 minutes
/data3/sw/CadfaelBrew/supernemo/cxx11/Cadfael.git/Cellar/python/2.7.10_2: 5374 files, 112M, built in 95 seconds
/data3/sw/CadfaelBrew/supernemo/cxx11/Cadfael.git/Cellar/curl/7.45.0: 355 files, 3,4M, built in 44 seconds
/data3/sw/CadfaelBrew/supernemo/cxx11/Cadfael.git/Cellar/sphinx-doc/1.3.1: 2618 files, 36M, built in 4 seconds
/data3/sw/CadfaelBrew/supernemo/cxx11/Cadfael.git/Cellar/cmake/3.4.0: 1980 files, 31M, built in 4.7 minutes
/data3/sw/CadfaelBrew/supernemo/cxx11/Cadfael.git/Cellar/xz/5.2.2: 65 files, 1,9M, built in 17 seconds
/data3/sw/CadfaelBrew/supernemo/cxx11/Cadfael.git/Cellar/gettext/0.19.6: 1918 files, 23M, built in 2.5 minutes
/data3/sw/CadfaelBrew/supernemo/cxx11/Cadfael.git/Cellar/flex/2.5.39: 45 files, 2,3M, built in 11 seconds
/data3/sw/CadfaelBrew/supernemo/cxx11/Cadfael.git/Cellar/bison/3.0.4: 117 files, 3,3M, built in 34 seconds
/data3/sw/CadfaelBrew/supernemo/cxx11/Cadfael.git/Cellar/doxygen/1.8.10: 8 files, 13M, built in 64 seconds
/data3/sw/CadfaelBrew/supernemo/cxx11/Cadfael.git/Cellar/gsl/1.15: 250 files, 9,6M, built in 72 seconds
/data3/sw/CadfaelBrew/supernemo/cxx11/Cadfael.git/Cellar/boost/1.55.0_2: 9957 files, 130M, built in 3.4 minutes
/data3/sw/CadfaelBrew/supernemo/cxx11/Cadfael.git/Cellar/camp/0.8.0: 110 files, 1,2M, built in 19 seconds
/data3/sw/CadfaelBrew/supernemo/cxx11/Cadfael.git/Cellar/clhep/2.1.3.1: 328 files, 12M, built in 101 seconds
/data3/sw/CadfaelBrew/supernemo/cxx11/Cadfael.git/Cellar/xerces-c/3.1.2: 493 files, 22M, built in 99 seconds
/data3/sw/CadfaelBrew/supernemo/cxx11/Cadfael.git/Cellar/geant4/9.6.4_3: 28278 files, 1,4G, built in 23.3 minutes
/data3/sw/CadfaelBrew/supernemo/cxx11/Cadfael.git/Cellar/libpng/1.6.19: 17 files, 1,3M, built in 44 seconds
/data3/sw/CadfaelBrew/supernemo/cxx11/Cadfael.git/Cellar/freetype/2.6_1: 60 files, 2,8M, built in 13 seconds
/data3/sw/CadfaelBrew/supernemo/cxx11/Cadfael.git/Cellar/root5/5.34.30: 4607 files, 174M, built in 13.6 minutes
/data3/sw/CadfaelBrew/supernemo/cxx11/Cadfael.git/Cellar/cadfael/2016.01: 4 files, 20K, built in 2 seconds
